[T 21:15:15 10968] Initializing tracer.
[T 21:15:15 10968] Initializing tags.
[T 21:15:15 10968] CodeQL CLI version 2.23.6
[T 21:15:15 10968] Initializing tracer.
[T 21:15:15 10968] Initializing tags.
[T 21:15:15 10968] Allocated ID 38E4344F00002AD8_0000000000000001 (parent )
[T 21:15:15 10968] ==== Candidate to intercept: C:\Users\Jonas\Downloads\codeql-bundle-win64\codeql\tools\win64\runner.exe (3952) ====
[T 21:15:15 10968] Lua: === Intercepted call to c:\users\jonas\downloads\codeql-bundle-win64\codeql\tools\win64\runner.exe ===
[T 21:15:15 10968] Executing the following tracer actions:
[T 21:15:15 10968] Tracer actions:
[T 21:15:15 10968] pre_invocations(0)
[T 21:15:15 10968] post_invocations(0)
[T 21:15:15 10968] trace_languages(1): [java]
[T 21:15:15 3952] Initializing tracer.
[T 21:15:15 3952] Initializing tags.
[T 21:15:15 3952] ID set to 38E4344F00002AD8_0000000000000001 (parent root)
[T 21:15:15 3952] Allocated ID 98B2348D00000F70_0000000000000001 (parent 38E4344F00002AD8_0000000000000001)
[T 21:15:15 3952] ==== Candidate to intercept: C:\Windows\System32\cmd.exe (21988) ====
[T 21:15:15 3952] Lua: === Intercepted call to c:\windows\system32\cmd.exe ===
[T 21:15:15 3952] Executing the following tracer actions:
[T 21:15:15 3952] Tracer actions:
[T 21:15:15 3952] pre_invocations(0)
[T 21:15:15 3952] post_invocations(0)
[T 21:15:15 3952] trace_languages(1): [java]
[T 21:15:15 21988] Initializing tracer.
[T 21:15:15 21988] Initializing tags.
[T 21:15:15 21988] ID set to 98B2348D00000F70_0000000000000001 (parent 38E4344F00002AD8_0000000000000001)
[T 21:15:15 21988] Allocated ID C7228691000055E4_0000000000000001 (parent 98B2348D00000F70_0000000000000001)
[T 21:15:15 21988] ==== Candidate to intercept: C:\Program Files\BellSoft\LibericaJDK-21\bin\java.exe (34032) ====
[T 21:15:15 21988] Lua: === Intercepted call to c:\program files\bellsoft\libericajdk-21\bin\java.exe ===
[T 21:15:15 21988] Executing the following tracer actions:
[T 21:15:15 21988] Tracer actions:
[T 21:15:15 21988] pre_invocations(0)
[T 21:15:15 21988] post_invocations(0)
[T 21:15:15 21988] trace_languages(1): [java]
[T 21:15:15 34032] Initializing tracer.
[T 21:15:15 34032] Initializing tags.
[T 21:15:15 34032] ID set to C7228691000055E4_0000000000000001 (parent 98B2348D00000F70_0000000000000001)
[T 21:15:16 34032] Passing through -javaagent:C:\Users\Jonas\Downloads\codeql-bundle-win64\codeql\java\tools\codeql-java-agent.jar=ignore-project,java,kotlin to underlying JVM.
[T 21:15:16 34032] Passing through -Xbootclasspath/a:C:\Users\Jonas\Downloads\codeql-bundle-win64\codeql\java\tools\codeql-java-agent.jar to underlying JVM.
[T 21:15:16 34032] Intercepted JVM creation with extra hidden args: ['-javaagent:C:\Users\Jonas\Downloads\codeql-bundle-win64\codeql\java\tools\codeql-java-agent.jar=ignore-project,java,kotlin' '-Xbootclasspath/a:C:\Users\Jonas\Downloads\codeql-bundle-win64\codeql\java\tools\codeql-java-agent.jar' ] (result: 1, 0).
[T 21:15:19 34032] Allocated ID 135357CF000084F0_0000000000000001 (parent C7228691000055E4_0000000000000001)
[T 21:15:19 34032] ==== Candidate to intercept: C:\Program Files\BellSoft\LibericaJDK-21\bin\java.exe (33932) ====
[T 21:15:19 34032] Lua: === Intercepted call to c:\program files\bellsoft\libericajdk-21\bin\java.exe ===
[T 21:15:19 34032] Executing the following tracer actions:
[T 21:15:19 34032] Tracer actions:
[T 21:15:19 34032] pre_invocations(0)
[T 21:15:19 34032] post_invocations(0)
[T 21:15:19 34032] trace_languages(1): [java]
[T 21:15:19 33932] Initializing tracer.
[T 21:15:19 33932] Initializing tags.
[T 21:15:19 33932] ID set to 135357CF000084F0_0000000000000001 (parent C7228691000055E4_0000000000000001)
[T 21:15:19 33932] Passing through -javaagent:C:\Users\Jonas\Downloads\codeql-bundle-win64\codeql\java\tools\codeql-java-agent.jar=ignore-project,java,kotlin to underlying JVM.
[T 21:15:19 33932] Passing through -Xbootclasspath/a:C:\Users\Jonas\Downloads\codeql-bundle-win64\codeql\java\tools\codeql-java-agent.jar to underlying JVM.
[T 21:15:20 33932] Intercepted JVM creation with extra hidden args: ['-javaagent:C:\Users\Jonas\Downloads\codeql-bundle-win64\codeql\java\tools\codeql-java-agent.jar=ignore-project,java,kotlin' '-Xbootclasspath/a:C:\Users\Jonas\Downloads\codeql-bundle-win64\codeql\java\tools\codeql-java-agent.jar' ] (result: 1, 0).
